# JRE version: OpenJDK Runtime Environment Microsoft-8035250 (11.0.20+8) (build 11.0.20+8-LTS)
# Java VM: OpenJDK 64-Bit Server VM Microsoft-8035250 (11.0.20+8-LTS, mixed mode, tiered, compressed oops, g1 gc, windows-amd64)
Heap:
 garbage-first heap   total 115712K, used 84121K [0x0000000080000000, 0x0000000100000000)
  region size 1024K, 36 young (36864K), 3 survivors (3072K)
 Metaspace       used 69235K, capacity 71370K, committed 71560K, reserved 579584K
  class space    used 8980K, capacity 9843K, committed 9856K, reserved 516096K
GC Heap History (20 events):
Event: 11.239 GC heap before
{Heap before GC invocations=10 (full 0):
 garbage-first heap   total 96256K, used 61249K [0x0000000080000000, 0x0000000100000000)
  region size 1024K, 41 young (41984K), 5 survivors (5120K)
 Metaspace       used 39368K, capacity 40343K, committed 40656K, reserved 552960K
  class space    used 5007K, capacity 5384K, committed 5504K, reserved 516096K
}
Event: 11.245 GC heap after
{Heap after GC invocations=11 (full 0):
 garbage-first heap   total 96256K, used 28120K [0x0000000080000000, 0x0000000100000000)
  region size 1024K, 6 young (6144K), 6 survivors (6144K)
 Metaspace       used 39368K, capacity 40343K, committed 40656K, reserved 552960K
  class space    used 5007K, capacity 5384K, committed 5504K, reserved 516096K
}
Event: 23.120 GC heap before
{Heap before GC invocations=11 (full 0):
 garbage-first heap   total 96256K, used 68056K [0x0000000080000000, 0x0000000100000000)
  region size 1024K, 42 young (43008K), 6 survivors (6144K)
 Metaspace       used 41669K, capacity 42801K, committed 42832K, reserved 555008K
  class space    used 5220K, capacity 5627K, committed 5632K, reserved 516096K
}
Event: 23.152 GC heap after
{Heap after GC invocations=12 (full 0):
 garbage-first heap   total 96256K, used 30377K [0x0000000080000000, 0x0000000100000000)
  region size 1024K, 6 young (6144K), 6 survivors (6144K)
 Metaspace       used 41669K, capacity 42801K, committed 42832K, reserved 555008K
  class space    used 5220K, capacity 5627K, committed 5632K, reserved 516096K
}
Event: 27.063 GC heap before
{Heap before GC invocations=12 (full 0):
 garbage-first heap   total 96256K, used 67241K [0x0000000080000000, 0x0000000100000000)
  region size 1024K, 42 young (43008K), 6 survivors (6144K)
 Metaspace       used 44498K, capacity 45715K, committed 45904K, reserved 557056K
  class space    used 5561K, capacity 6056K, committed 6144K, reserved 516096K
}
Event: 27.114 GC heap after
{Heap after GC invocations=13 (full 0):
 garbage-first heap   total 96256K, used 32279K [0x0000000080000000, 0x0000000100000000)
  region size 1024K, 5 young (5120K), 5 survivors (5120K)
 Metaspace       used 44498K, capacity 45715K, committed 45904K, reserved 557056K
  class space    used 5561K, capacity 6056K, committed 6144K, reserved 516096K
}
Event: 28.712 GC heap before
{Heap before GC invocations=13 (full 0):
 garbage-first heap   total 96256K, used 70167K [0x0000000080000000, 0x0000000100000000)
  region size 1024K, 42 young (43008K), 5 survivors (5120K)
 Metaspace       used 47271K, capacity 48596K, committed 48720K, reserved 559104K
  class space    used 6011K, capacity 6542K, committed 6656K, reserved 516096K
}
Event: 28.721 GC heap after
{Heap after GC invocations=14 (full 0):
 garbage-first heap   total 115712K, used 33823K [0x0000000080000000, 0x0000000100000000)
  region size 1024K, 4 young (4096K), 4 survivors (4096K)
 Metaspace       used 47271K, capacity 48596K, committed 48720K, reserved 559104K
  class space    used 6011K, capacity 6542K, committed 6656K, reserved 516096K
}
Event: 29.810 GC heap before
{Heap before GC invocations=14 (full 0):
 garbage-first heap   total 115712K, used 80927K [0x0000000080000000, 0x0000000100000000)
  region size 1024K, 50 young (51200K), 4 survivors (4096K)
 Metaspace       used 50889K, capacity 52272K, committed 52560K, reserved 563200K
  class space    used 6512K, capacity 7062K, committed 7168K, reserved 516096K
}
Event: 29.814 GC heap after
{Heap after GC invocations=15 (full 0):
 garbage-first heap   total 115712K, used 34321K [0x0000000080000000, 0x0000000100000000)
  region size 1024K, 4 young (4096K), 4 survivors (4096K)
 Metaspace       used 50889K, capacity 52272K, committed 52560K, reserved 563200K
  class space    used 6512K, capacity 7062K, committed 7168K, reserved 516096K
}
Event: 31.334 GC heap before
{Heap before GC invocations=15 (full 0):
 garbage-first heap   total 115712K, used 89617K [0x0000000080000000, 0x0000000100000000)
  region size 1024K, 52 young (53248K), 4 survivors (4096K)
 Metaspace       used 55537K, capacity 57066K, committed 57296K, reserved 567296K
  class space    used 7100K, capacity 7743K, committed 7808K, reserved 516096K
}
Event: 31.345 GC heap after
{Heap after GC invocations=16 (full 0):
 garbage-first heap   total 115712K, used 44125K [0x0000000080000000, 0x0000000100000000)
  region size 1024K, 6 young (6144K), 6 survivors (6144K)
 Metaspace       used 55537K, capacity 57066K, committed 57296K, reserved 567296K
  class space    used 7100K, capacity 7743K, committed 7808K, reserved 516096K
}
Event: 32.446 GC heap before
{Heap before GC invocations=16 (full 0):
 garbage-first heap   total 115712K, used 82013K [0x0000000080000000, 0x0000000100000000)
  region size 1024K, 44 young (45056K), 6 survivors (6144K)
 Metaspace       used 58401K, capacity 60152K, committed 60296K, reserved 569344K
  class space    used 7546K, capacity 8264K, committed 8320K, reserved 516096K
}
Event: 32.549 GC heap after
{Heap after GC invocations=17 (full 0):
 garbage-first heap   total 115712K, used 46059K [0x0000000080000000, 0x0000000100000000)
  region size 1024K, 2 young (2048K), 2 survivors (2048K)
 Metaspace       used 58401K, capacity 60152K, committed 60296K, reserved 569344K
  class space    used 7546K, capacity 8264K, committed 8320K, reserved 516096K
}
Event: 33.577 GC heap before
{Heap before GC invocations=18 (full 0):
 garbage-first heap   total 115712K, used 88043K [0x0000000080000000, 0x0000000100000000)
  region size 1024K, 43 young (44032K), 2 survivors (2048K)
 Metaspace       used 61848K, capacity 63625K, committed 63880K, reserved 571392K
  class space    used 8033K, capacity 8758K, committed 8832K, reserved 516096K
}
Event: 33.581 GC heap after
{Heap after GC invocations=19 (full 0):
 garbage-first heap   total 115712K, used 47066K [0x0000000080000000, 0x0000000100000000)
  region size 1024K, 3 young (3072K), 3 survivors (3072K)
 Metaspace       used 61848K, capacity 63625K, committed 63880K, reserved 571392K
  class space    used 8033K, capacity 8758K, committed 8832K, reserved 516096K
}
Event: 35.093 GC heap before
{Heap before GC invocations=19 (full 0):
 garbage-first heap   total 115712K, used 88026K [0x0000000080000000, 0x0000000100000000)
  region size 1024K, 44 young (45056K), 3 survivors (3072K)
 Metaspace       used 64590K, capacity 66358K, committed 66440K, reserved 575488K
  class space    used 8345K, capacity 9087K, committed 9088K, reserved 516096K
}
Event: 35.098 GC heap after
{Heap after GC invocations=20 (full 0):
 garbage-first heap   total 115712K, used 50364K [0x0000000080000000, 0x0000000100000000)
  region size 1024K, 6 young (6144K), 6 survivors (6144K)
 Metaspace       used 64590K, capacity 66358K, committed 66440K, reserved 575488K
  class space    used 8345K, capacity 9087K, committed 9088K, reserved 516096K
}
Event: 37.703 GC heap before
{Heap before GC invocations=20 (full 0):
 garbage-first heap   total 115712K, used 91324K [0x0000000080000000, 0x0000000100000000)
  region size 1024K, 46 young (47104K), 6 survivors (6144K)
 Metaspace       used 67138K, capacity 69134K, committed 69256K, reserved 577536K
  class space    used 8696K, capacity 9518K, committed 9600K, reserved 516096K
}
Event: 37.753 GC heap after
{Heap after GC invocations=21 (full 0):
 garbage-first heap   total 115712K, used 51353K [0x0000000080000000, 0x0000000100000000)
  region size 1024K, 3 young (3072K), 3 survivors (3072K)
 Metaspace       used 67138K, capacity 69134K, committed 69256K, reserved 577536K
  class space    used 8696K, capacity 9518K, committed 9600K, reserved 516096K
}

