# JRE version: OpenJDK Runtime Environment Microsoft-8035250 (11.0.20+8) (build 11.0.20+8-LTS)
# Java VM: OpenJDK 64-Bit Server VM Microsoft-8035250 (11.0.20+8-LTS, mixed mode, tiered, compressed oops, g1 gc, windows-amd64)
Heap:
 garbage-first heap   total 115712K, used 65324K [0x0000000080000000, 0x0000000100000000)
  region size 1024K, 18 young (18432K), 6 survivors (6144K)
 Metaspace       used 70818K, capacity 73009K, committed 73224K, reserved 579584K
  class space    used 9231K, capacity 10130K, committed 10240K, reserved 516096K
GC Heap History (20 events):
Event: 22.765 GC heap before
{Heap before GC invocations=12 (full 0):
 garbage-first heap   total 96256K, used 66933K [0x0000000080000000, 0x0000000100000000)
  region size 1024K, 42 young (43008K), 6 survivors (6144K)
 Metaspace       used 41675K, capacity 42798K, committed 42832K, reserved 555008K
  class space    used 5219K, capacity 5627K, committed 5632K, reserved 516096K
}
Event: 22.815 GC heap after
{Heap after GC invocations=13 (full 0):
 garbage-first heap   total 96256K, used 30177K [0x0000000080000000, 0x0000000100000000)
  region size 1024K, 3 young (3072K), 3 survivors (3072K)
 Metaspace       used 41675K, capacity 42798K, committed 42832K, reserved 555008K
  class space    used 5219K, capacity 5627K, committed 5632K, reserved 516096K
}
Event: 25.179 GC heap before
{Heap before GC invocations=13 (full 0):
 garbage-first heap   total 96256K, used 67041K [0x0000000080000000, 0x0000000100000000)
  region size 1024K, 39 young (39936K), 3 survivors (3072K)
 Metaspace       used 44544K, capacity 45794K, committed 45904K, reserved 557056K
  class space    used 5568K, capacity 6062K, committed 6144K, reserved 516096K
}
Event: 25.197 GC heap after
{Heap after GC invocations=14 (full 0):
 garbage-first heap   total 115712K, used 32060K [0x0000000080000000, 0x0000000100000000)
  region size 1024K, 5 young (5120K), 5 survivors (5120K)
 Metaspace       used 44544K, capacity 45794K, committed 45904K, reserved 557056K
  class space    used 5568K, capacity 6062K, committed 6144K, reserved 516096K
}
Event: 28.558 GC heap before
{Heap before GC invocations=14 (full 0):
 garbage-first heap   total 115712K, used 78140K [0x0000000080000000, 0x0000000100000000)
  region size 1024K, 50 young (51200K), 5 survivors (5120K)
 Metaspace       used 48020K, capacity 49270K, committed 49488K, reserved 559104K
  class space    used 6128K, capacity 6640K, committed 6656K, reserved 516096K
}
Event: 28.571 GC heap after
{Heap after GC invocations=15 (full 0):
 garbage-first heap   total 115712K, used 33407K [0x0000000080000000, 0x0000000100000000)
  region size 1024K, 4 young (4096K), 4 survivors (4096K)
 Metaspace       used 48020K, capacity 49270K, committed 49488K, reserved 559104K
  class space    used 6128K, capacity 6640K, committed 6656K, reserved 516096K
}
Event: 29.858 GC heap before
{Heap before GC invocations=15 (full 0):
 garbage-first heap   total 115712K, used 80511K [0x0000000080000000, 0x0000000100000000)
  region size 1024K, 50 young (51200K), 4 survivors (4096K)
 Metaspace       used 51466K, capacity 52845K, committed 53200K, reserved 563200K
  class space    used 6595K, capacity 7171K, committed 7296K, reserved 516096K
}
Event: 29.865 GC heap after
{Heap after GC invocations=16 (full 0):
 garbage-first heap   total 115712K, used 34153K [0x0000000080000000, 0x0000000100000000)
  region size 1024K, 5 young (5120K), 5 survivors (5120K)
 Metaspace       used 51466K, capacity 52845K, committed 53200K, reserved 563200K
  class space    used 6595K, capacity 7171K, committed 7296K, reserved 516096K
}
Event: 31.470 GC heap before
{Heap before GC invocations=16 (full 0):
 garbage-first heap   total 115712K, used 89449K [0x0000000080000000, 0x0000000100000000)
  region size 1024K, 53 young (54272K), 5 survivors (5120K)
 Metaspace       used 56295K, capacity 57859K, committed 57936K, reserved 567296K
  class space    used 7237K, capacity 7903K, committed 7936K, reserved 516096K
}
Event: 31.481 GC heap after
{Heap after GC invocations=17 (full 0):
 garbage-first heap   total 115712K, used 44034K [0x0000000080000000, 0x0000000100000000)
  region size 1024K, 7 young (7168K), 7 survivors (7168K)
 Metaspace       used 56295K, capacity 57859K, committed 57936K, reserved 567296K
  class space    used 7237K, capacity 7903K, committed 7936K, reserved 516096K
}
Event: 32.314 GC heap before
{Heap before GC invocations=17 (full 0):
 garbage-first heap   total 115712K, used 73730K [0x0000000080000000, 0x0000000100000000)
  region size 1024K, 37 young (37888K), 7 survivors (7168K)
 Metaspace       used 58482K, capacity 60185K, committed 60296K, reserved 569344K
  class space    used 7562K, capacity 8277K, committed 8320K, reserved 516096K
}
Event: 32.385 GC heap after
{Heap after GC invocations=18 (full 0):
 garbage-first heap   total 115712K, used 45596K [0x0000000080000000, 0x0000000100000000)
  region size 1024K, 2 young (2048K), 2 survivors (2048K)
 Metaspace       used 58482K, capacity 60185K, committed 60296K, reserved 569344K
  class space    used 7562K, capacity 8277K, committed 8320K, reserved 516096K
}
Event: 33.619 GC heap before
{Heap before GC invocations=19 (full 0):
 garbage-first heap   total 115712K, used 89628K [0x0000000080000000, 0x0000000100000000)
  region size 1024K, 45 young (46080K), 2 survivors (2048K)
 Metaspace       used 62048K, capacity 63818K, committed 63880K, reserved 571392K
  class space    used 8066K, capacity 8803K, committed 8832K, reserved 516096K
}
Event: 33.626 GC heap after
{Heap after GC invocations=20 (full 0):
 garbage-first heap   total 115712K, used 46402K [0x0000000080000000, 0x0000000100000000)
  region size 1024K, 3 young (3072K), 3 survivors (3072K)
 Metaspace       used 62048K, capacity 63818K, committed 63880K, reserved 571392K
  class space    used 8066K, capacity 8803K, committed 8832K, reserved 516096K
}
Event: 34.645 GC heap before
{Heap before GC invocations=21 (full 0):
 garbage-first heap   total 115712K, used 89410K [0x0000000080000000, 0x0000000100000000)
  region size 1024K, 46 young (47104K), 3 survivors (3072K)
 Metaspace       used 64730K, capacity 66581K, committed 66824K, reserved 575488K
  class space    used 8363K, capacity 9118K, committed 9216K, reserved 516096K
}
Event: 34.651 GC heap after
{Heap after GC invocations=22 (full 0):
 garbage-first heap   total 115712K, used 49876K [0x0000000080000000, 0x0000000100000000)
  region size 1024K, 6 young (6144K), 6 survivors (6144K)
 Metaspace       used 64730K, capacity 66581K, committed 66824K, reserved 575488K
  class space    used 8363K, capacity 9118K, committed 9216K, reserved 516096K
}
Event: 35.848 GC heap before
{Heap before GC invocations=22 (full 0):
 garbage-first heap   total 115712K, used 91860K [0x0000000080000000, 0x0000000100000000)
  region size 1024K, 47 young (48128K), 6 survivors (6144K)
 Metaspace       used 67446K, capacity 69427K, committed 69512K, reserved 577536K
  class space    used 8764K, capacity 9574K, committed 9600K, reserved 516096K
}
Event: 35.936 GC heap after
{Heap after GC invocations=23 (full 0):
 garbage-first heap   total 115712K, used 51130K [0x0000000080000000, 0x0000000100000000)
  region size 1024K, 3 young (3072K), 3 survivors (3072K)
 Metaspace       used 67446K, capacity 69427K, committed 69512K, reserved 577536K
  class space    used 8764K, capacity 9574K, committed 9600K, reserved 516096K
}
Event: 38.483 GC heap before
{Heap before GC invocations=23 (full 0):
 garbage-first heap   total 115712K, used 92090K [0x0000000080000000, 0x0000000100000000)
  region size 1024K, 43 young (44032K), 3 survivors (3072K)
 Metaspace       used 70198K, capacity 72405K, committed 72584K, reserved 579584K
  class space    used 9152K, capacity 10060K, committed 10112K, reserved 516096K
}
Event: 38.490 GC heap after
{Heap after GC invocations=24 (full 0):
 garbage-first heap   total 115712K, used 54060K [0x0000000080000000, 0x0000000100000000)
  region size 1024K, 6 young (6144K), 6 survivors (6144K)
 Metaspace       used 70198K, capacity 72405K, committed 72584K, reserved 579584K
  class space    used 9152K, capacity 10060K, committed 10112K, reserved 516096K
}

